{"/Users/fantasywind/Documents/error-message-parser/index.js":{"path":"/Users/fantasywind/Documents/error-message-parser/index.js","s":{"1":1,"2":1,"3":1,"4":1,"5":1,"6":1,"7":7,"8":7,"9":7,"10":1,"11":6,"12":6,"13":5,"14":5,"15":4,"16":3,"17":1,"18":5,"19":1,"20":10,"21":6,"22":4,"23":1,"24":3,"25":1,"26":3,"27":1,"28":1,"29":1,"30":5,"31":5,"32":2,"33":2,"34":2,"35":2,"36":3,"37":1,"38":2,"39":1,"40":1,"41":1,"42":1},"b":{"1":[7,5],"2":[1,6],"3":[7,2],"4":[3,1],"5":[3,1],"6":[1,2],"7":[6,4],"8":[6,1],"9":[1,5],"10":[2,3],"11":[5,3],"12":[1,2],"13":[1,1]},"f":{"1":1,"2":1,"3":1,"4":7,"5":6,"6":5,"7":4,"8":10,"9":3,"10":3,"11":1,"12":5},"fnMap":{"1":{"name":"(anonymous_1)","line":2,"loc":{"start":{"line":2,"column":1},"end":{"line":2,"column":12}}},"2":{"name":"(anonymous_2)","line":7,"loc":{"start":{"line":7,"column":24},"end":{"line":7,"column":35}}},"3":{"name":"ErrorMessageParser","line":8,"loc":{"start":{"line":8,"column":4},"end":{"line":8,"column":34}}},"4":{"name":"(anonymous_4)","line":10,"loc":{"start":{"line":10,"column":42},"end":{"line":10,"column":60}}},"5":{"name":"(anonymous_5)","line":16,"loc":{"start":{"line":16,"column":14},"end":{"line":16,"column":30}}},"6":{"name":"(anonymous_6)","line":17,"loc":{"start":{"line":17,"column":15},"end":{"line":17,"column":40}}},"7":{"name":"(anonymous_7)","line":26,"loc":{"start":{"line":26,"column":26},"end":{"line":26,"column":60}}},"8":{"name":"(anonymous_8)","line":48,"loc":{"start":{"line":48,"column":49},"end":{"line":48,"column":83}}},"9":{"name":"(anonymous_9)","line":66,"loc":{"start":{"line":66,"column":43},"end":{"line":66,"column":58}}},"10":{"name":"(anonymous_10)","line":70,"loc":{"start":{"line":70,"column":42},"end":{"line":70,"column":56}}},"11":{"name":"(anonymous_11)","line":74,"loc":{"start":{"line":74,"column":47},"end":{"line":74,"column":66}}},"12":{"name":"(anonymous_12)","line":78,"loc":{"start":{"line":78,"column":48},"end":{"line":78,"column":59}}}},"statementMap":{"1":{"start":{"line":2,"column":0},"end":{"line":102,"column":14}},"2":{"start":{"line":3,"column":2},"end":{"line":3,"column":29}},"3":{"start":{"line":5,"column":2},"end":{"line":5,"column":21}},"4":{"start":{"line":7,"column":2},"end":{"line":98,"column":7}},"5":{"start":{"line":8,"column":4},"end":{"line":8,"column":36}},"6":{"start":{"line":10,"column":4},"end":{"line":46,"column":6}},"7":{"start":{"line":11,"column":6},"end":{"line":11,"column":30}},"8":{"start":{"line":12,"column":6},"end":{"line":12,"column":55}},"9":{"start":{"line":13,"column":6},"end":{"line":15,"column":7}},"10":{"start":{"line":14,"column":8},"end":{"line":14,"column":28}},"11":{"start":{"line":16,"column":6},"end":{"line":45,"column":15}},"12":{"start":{"line":17,"column":8},"end":{"line":44,"column":10}},"13":{"start":{"line":18,"column":10},"end":{"line":18,"column":38}},"14":{"start":{"line":26,"column":10},"end":{"line":42,"column":12}},"15":{"start":{"line":27,"column":12},"end":{"line":41,"column":13}},"16":{"start":{"line":28,"column":14},"end":{"line":33,"column":17}},"17":{"start":{"line":35,"column":14},"end":{"line":40,"column":17}},"18":{"start":{"line":43,"column":10},"end":{"line":43,"column":24}},"19":{"start":{"line":48,"column":4},"end":{"line":64,"column":6}},"20":{"start":{"line":49,"column":6},"end":{"line":63,"column":7}},"21":{"start":{"line":50,"column":8},"end":{"line":55,"column":10}},"22":{"start":{"line":57,"column":8},"end":{"line":62,"column":10}},"23":{"start":{"line":66,"column":4},"end":{"line":68,"column":6}},"24":{"start":{"line":67,"column":6},"end":{"line":67,"column":23}},"25":{"start":{"line":70,"column":4},"end":{"line":72,"column":6}},"26":{"start":{"line":71,"column":6},"end":{"line":71,"column":21}},"27":{"start":{"line":74,"column":4},"end":{"line":76,"column":6}},"28":{"start":{"line":75,"column":6},"end":{"line":75,"column":31}},"29":{"start":{"line":78,"column":4},"end":{"line":94,"column":6}},"30":{"start":{"line":79,"column":6},"end":{"line":79,"column":12}},"31":{"start":{"line":80,"column":6},"end":{"line":93,"column":7}},"32":{"start":{"line":81,"column":8},"end":{"line":86,"column":9}},"33":{"start":{"line":82,"column":10},"end":{"line":82,"column":84}},"34":{"start":{"line":84,"column":10},"end":{"line":84,"column":21}},"35":{"start":{"line":85,"column":10},"end":{"line":85,"column":106}},"36":{"start":{"line":87,"column":13},"end":{"line":93,"column":7}},"37":{"start":{"line":88,"column":8},"end":{"line":88,"column":84}},"38":{"start":{"line":89,"column":13},"end":{"line":93,"column":7}},"39":{"start":{"line":90,"column":8},"end":{"line":90,"column":75}},"40":{"start":{"line":92,"column":8},"end":{"line":92,"column":63}},"41":{"start":{"line":96,"column":4},"end":{"line":96,"column":30}},"42":{"start":{"line":100,"column":2},"end":{"line":100,"column":42}}},"branchMap":{"1":{"line":11,"type":"binary-expr","locations":[{"start":{"line":11,"column":16},"end":{"line":11,"column":23}},{"start":{"line":11,"column":27},"end":{"line":11,"column":29}}]},"2":{"line":13,"type":"if","locations":[{"start":{"line":13,"column":6},"end":{"line":13,"column":6}},{"start":{"line":13,"column":6},"end":{"line":13,"column":6}}]},"3":{"line":13,"type":"binary-expr","locations":[{"start":{"line":13,"column":10},"end":{"line":13,"column":18}},{"start":{"line":13,"column":22},"end":{"line":13,"column":31}}]},"4":{"line":27,"type":"if","locations":[{"start":{"line":27,"column":12},"end":{"line":27,"column":12}},{"start":{"line":27,"column":12},"end":{"line":27,"column":12}}]},"5":{"line":31,"type":"binary-expr","locations":[{"start":{"line":31,"column":23},"end":{"line":31,"column":49}},{"start":{"line":31,"column":53},"end":{"line":31,"column":54}}]},"6":{"line":32,"type":"cond-expr","locations":[{"start":{"line":32,"column":45},"end":{"line":32,"column":107}},{"start":{"line":32,"column":110},"end":{"line":32,"column":134}}]},"7":{"line":49,"type":"if","locations":[{"start":{"line":49,"column":6},"end":{"line":49,"column":6}},{"start":{"line":49,"column":6},"end":{"line":49,"column":6}}]},"8":{"line":53,"type":"binary-expr","locations":[{"start":{"line":53,"column":17},"end":{"line":53,"column":42}},{"start":{"line":53,"column":46},"end":{"line":53,"column":47}}]},"9":{"line":54,"type":"cond-expr","locations":[{"start":{"line":54,"column":39},"end":{"line":54,"column":100}},{"start":{"line":54,"column":103},"end":{"line":54,"column":126}}]},"10":{"line":80,"type":"if","locations":[{"start":{"line":80,"column":6},"end":{"line":80,"column":6}},{"start":{"line":80,"column":6},"end":{"line":80,"column":6}}]},"11":{"line":80,"type":"binary-expr","locations":[{"start":{"line":80,"column":10},"end":{"line":80,"column":19}},{"start":{"line":80,"column":23},"end":{"line":80,"column":31}}]},"12":{"line":87,"type":"if","locations":[{"start":{"line":87,"column":13},"end":{"line":87,"column":13}},{"start":{"line":87,"column":13},"end":{"line":87,"column":13}}]},"13":{"line":89,"type":"if","locations":[{"start":{"line":89,"column":13},"end":{"line":89,"column":13}},{"start":{"line":89,"column":13},"end":{"line":89,"column":13}}]}}}}