TN:
SF:/Users/fantasywind/Documents/error-message-parser/index.js
FN:2,(anonymous_1)
FN:7,(anonymous_2)
FN:8,ErrorMessageParser
FN:10,(anonymous_4)
FN:16,(anonymous_5)
FN:17,(anonymous_6)
FN:26,(anonymous_7)
FN:48,(anonymous_8)
FN:66,(anonymous_9)
FN:70,(anonymous_10)
FN:74,(anonymous_11)
FN:78,(anonymous_12)
FNF:12
FNH:12
FNDA:1,(anonymous_1)
FNDA:1,(anonymous_2)
FNDA:1,ErrorMessageParser
FNDA:7,(anonymous_4)
FNDA:6,(anonymous_5)
FNDA:5,(anonymous_6)
FNDA:4,(anonymous_7)
FNDA:10,(anonymous_8)
FNDA:3,(anonymous_9)
FNDA:3,(anonymous_10)
FNDA:1,(anonymous_11)
FNDA:5,(anonymous_12)
DA:2,1
DA:3,1
DA:5,1
DA:7,1
DA:8,1
DA:10,1
DA:11,7
DA:12,7
DA:13,7
DA:14,1
DA:16,6
DA:17,6
DA:18,5
DA:26,5
DA:27,4
DA:28,3
DA:35,1
DA:43,5
DA:48,1
DA:49,10
DA:50,6
DA:57,4
DA:66,1
DA:67,3
DA:70,1
DA:71,3
DA:74,1
DA:75,1
DA:78,1
DA:79,5
DA:80,5
DA:81,2
DA:82,2
DA:84,2
DA:85,2
DA:87,3
DA:88,1
DA:89,2
DA:90,1
DA:92,1
DA:96,1
DA:100,1
LF:42
LH:42
BRDA:11,1,0,7
BRDA:11,1,1,5
BRDA:13,2,0,1
BRDA:13,2,1,6
BRDA:13,3,0,7
BRDA:13,3,1,2
BRDA:27,4,0,3
BRDA:27,4,1,1
BRDA:31,5,0,3
BRDA:31,5,1,1
BRDA:32,6,0,1
BRDA:32,6,1,2
BRDA:49,7,0,6
BRDA:49,7,1,4
BRDA:53,8,0,6
BRDA:53,8,1,1
BRDA:54,9,0,1
BRDA:54,9,1,5
BRDA:80,10,0,2
BRDA:80,10,1,3
BRDA:80,11,0,5
BRDA:80,11,1,3
BRDA:87,12,0,1
BRDA:87,12,1,2
BRDA:89,13,0,1
BRDA:89,13,1,1
BRF:26
BRH:26
end_of_record
